[debug] [2022-10-23T19:51:54.678Z] ----------------------------------------------------------------------
[debug] [2022-10-23T19:51:54.680Z] Command:       C:\Program Files\nodejs\node.exe C:\Program Files\nodejs\node_modules\firebase-tools\lib\bin\firebase.js init hosting
[debug] [2022-10-23T19:51:54.681Z] CLI Version:   11.14.4
[debug] [2022-10-23T19:51:54.681Z] Platform:      win32
[debug] [2022-10-23T19:51:54.681Z] Node Version:  v16.4.0
[debug] [2022-10-23T19:51:54.683Z] Time:          Mon Oct 24 2022 01:21:54 GMT+0530 (India Standard Time)
[debug] [2022-10-23T19:51:54.683Z] ----------------------------------------------------------------------
[debug] 
[debug] [2022-10-23T19:51:54.692Z] > command requires scopes: ["email","openid","https://www.googleapis.com/auth/cloudplatformprojects.readonly","https://www.googleapis.com/auth/firebase","https://www.googleapis.com/auth/cloud-platform"]
[debug] [2022-10-23T19:51:54.693Z] > authorizing via signed-in user (yashrajverma798@gmail.com)
[info] 
     ######## #### ########  ######## ########     ###     ######  ########
     ##        ##  ##     ## ##       ##     ##  ##   ##  ##       ##
     ######    ##  ########  ######   ########  #########  ######  ######
     ##        ##  ##    ##  ##       ##     ## ##     ##       ## ##
     ##       #### ##     ## ######## ########  ##     ##  ######  ########

You're about to initialize a Firebase project in this directory:

  D:\Reverblunt\reverblunt

[info] 
=== Project Setup
[info] 
[info] First, let's associate this project directory with a Firebase project.
[info] You can create multiple project aliases by running firebase use --add, 
[info] but for now we'll just set up a default project.
[info] 
[debug] [2022-10-23T19:51:57.040Z] >>> [apiv2][query] GET https://firebase.googleapis.com/v1beta1/projects pageSize=100
[debug] [2022-10-23T19:51:57.859Z] <<< [apiv2][status] GET https://firebase.googleapis.com/v1beta1/projects 200
[debug] [2022-10-23T19:51:57.859Z] <<< [apiv2][body] GET https://firebase.googleapis.com/v1beta1/projects [omitted]
